[30-Apr-2023 00:26:51 UTC] PHP Fatal error:  Uncaught Error: Call to a member function prepare() on null in C:\Users\enriq\Documents\Tecnologico Uruapan\Proyectos-Programas\cultivatec\CultivaTec\code\classes\Conexion.php:50
Stack trace:
#0 C:\Users\enriq\Documents\Tecnologico Uruapan\Proyectos-Programas\cultivatec\CultivaTec\code\classes\Usuario.php(27): Tec\CultivaTec\classes\Conexion->ejecutarConsulta()
#1 C:\Users\enriq\Documents\Tecnologico Uruapan\Proyectos-Programas\cultivatec\CultivaTec\code\config\router.php(28): Tec\CultivaTec\classes\Usuario->getUsuarioContra()
#2 [internal function]: {closure}()
#3 C:\Users\enriq\Documents\Tecnologico Uruapan\Proyectos-Programas\cultivatec\CultivaTec\vendor\bramus\router\src\Bramus\Router\Router.php(458): call_user_func_array()
#4 C:\Users\enriq\Documents\Tecnologico Uruapan\Proyectos-Programas\cultivatec\CultivaTec\vendor\bramus\router\src\Bramus\Router\Router.php(440): Bramus\Router\Router->invoke()
#5 C:\Users\enriq\Documents\Tecnologico Uruapan\Proyectos-Programas\cultivatec\CultivaTec\vendor\bramus\router\src\Bramus\Router\Router.php(287): Bramus\Router\Router->handle()
#6 C:\Users\enriq\Documents\Tecnologico Uruapan\Proyectos-Programas\cultivatec\CultivaTec\code\config\router.php(53): Bramus\Router\Router->run()
#7 C:\Users\enriq\Documents\Tecnologico Uruapan\Proyectos-Programas\cultivatec\CultivaTec\index.php(11): require('...')
#8 {main}
  thrown in C:\Users\enriq\Documents\Tecnologico Uruapan\Proyectos-Programas\cultivatec\CultivaTec\code\classes\Conexion.php on line 50
[30-Apr-2023 00:26:53 UTC] PHP Fatal error:  Uncaught Error: Call to a member function prepare() on null in C:\Users\enriq\Documents\Tecnologico Uruapan\Proyectos-Programas\cultivatec\CultivaTec\code\classes\Conexion.php:50
Stack trace:
#0 C:\Users\enriq\Documents\Tecnologico Uruapan\Proyectos-Programas\cultivatec\CultivaTec\code\classes\Usuario.php(27): Tec\CultivaTec\classes\Conexion->ejecutarConsulta()
#1 C:\Users\enriq\Documents\Tecnologico Uruapan\Proyectos-Programas\cultivatec\CultivaTec\code\config\router.php(28): Tec\CultivaTec\classes\Usuario->getUsuarioContra()
#2 [internal function]: {closure}()
#3 C:\Users\enriq\Documents\Tecnologico Uruapan\Proyectos-Programas\cultivatec\CultivaTec\vendor\bramus\router\src\Bramus\Router\Router.php(458): call_user_func_array()
#4 C:\Users\enriq\Documents\Tecnologico Uruapan\Proyectos-Programas\cultivatec\CultivaTec\vendor\bramus\router\src\Bramus\Router\Router.php(440): Bramus\Router\Router->invoke()
#5 C:\Users\enriq\Documents\Tecnologico Uruapan\Proyectos-Programas\cultivatec\CultivaTec\vendor\bramus\router\src\Bramus\Router\Router.php(287): Bramus\Router\Router->handle()
#6 C:\Users\enriq\Documents\Tecnologico Uruapan\Proyectos-Programas\cultivatec\CultivaTec\code\config\router.php(53): Bramus\Router\Router->run()
#7 C:\Users\enriq\Documents\Tecnologico Uruapan\Proyectos-Programas\cultivatec\CultivaTec\index.php(11): require('...')
#8 {main}
  thrown in C:\Users\enriq\Documents\Tecnologico Uruapan\Proyectos-Programas\cultivatec\CultivaTec\code\classes\Conexion.php on line 50
[30-Apr-2023 00:26:53 UTC] PHP Fatal error:  Uncaught Error: Call to a member function prepare() on null in C:\Users\enriq\Documents\Tecnologico Uruapan\Proyectos-Programas\cultivatec\CultivaTec\code\classes\Conexion.php:50
Stack trace:
#0 C:\Users\enriq\Documents\Tecnologico Uruapan\Proyectos-Programas\cultivatec\CultivaTec\code\classes\Usuario.php(27): Tec\CultivaTec\classes\Conexion->ejecutarConsulta()
#1 C:\Users\enriq\Documents\Tecnologico Uruapan\Proyectos-Programas\cultivatec\CultivaTec\code\config\router.php(28): Tec\CultivaTec\classes\Usuario->getUsuarioContra()
#2 [internal function]: {closure}()
#3 C:\Users\enriq\Documents\Tecnologico Uruapan\Proyectos-Programas\cultivatec\CultivaTec\vendor\bramus\router\src\Bramus\Router\Router.php(458): call_user_func_array()
#4 C:\Users\enriq\Documents\Tecnologico Uruapan\Proyectos-Programas\cultivatec\CultivaTec\vendor\bramus\router\src\Bramus\Router\Router.php(440): Bramus\Router\Router->invoke()
#5 C:\Users\enriq\Documents\Tecnologico Uruapan\Proyectos-Programas\cultivatec\CultivaTec\vendor\bramus\router\src\Bramus\Router\Router.php(287): Bramus\Router\Router->handle()
#6 C:\Users\enriq\Documents\Tecnologico Uruapan\Proyectos-Programas\cultivatec\CultivaTec\code\config\router.php(53): Bramus\Router\Router->run()
#7 C:\Users\enriq\Documents\Tecnologico Uruapan\Proyectos-Programas\cultivatec\CultivaTec\index.php(11): require('...')
#8 {main}
  thrown in C:\Users\enriq\Documents\Tecnologico Uruapan\Proyectos-Programas\cultivatec\CultivaTec\code\classes\Conexion.php on line 50
[30-Apr-2023 00:26:53 UTC] PHP Fatal error:  Uncaught Error: Call to a member function prepare() on null in C:\Users\enriq\Documents\Tecnologico Uruapan\Proyectos-Programas\cultivatec\CultivaTec\code\classes\Conexion.php:50
Stack trace:
#0 C:\Users\enriq\Documents\Tecnologico Uruapan\Proyectos-Programas\cultivatec\CultivaTec\code\classes\Usuario.php(27): Tec\CultivaTec\classes\Conexion->ejecutarConsulta()
#1 C:\Users\enriq\Documents\Tecnologico Uruapan\Proyectos-Programas\cultivatec\CultivaTec\code\config\router.php(28): Tec\CultivaTec\classes\Usuario->getUsuarioContra()
#2 [internal function]: {closure}()
#3 C:\Users\enriq\Documents\Tecnologico Uruapan\Proyectos-Programas\cultivatec\CultivaTec\vendor\bramus\router\src\Bramus\Router\Router.php(458): call_user_func_array()
#4 C:\Users\enriq\Documents\Tecnologico Uruapan\Proyectos-Programas\cultivatec\CultivaTec\vendor\bramus\router\src\Bramus\Router\Router.php(440): Bramus\Router\Router->invoke()
#5 C:\Users\enriq\Documents\Tecnologico Uruapan\Proyectos-Programas\cultivatec\CultivaTec\vendor\bramus\router\src\Bramus\Router\Router.php(287): Bramus\Router\Router->handle()
#6 C:\Users\enriq\Documents\Tecnologico Uruapan\Proyectos-Programas\cultivatec\CultivaTec\code\config\router.php(53): Bramus\Router\Router->run()
#7 C:\Users\enriq\Documents\Tecnologico Uruapan\Proyectos-Programas\cultivatec\CultivaTec\index.php(11): require('...')
#8 {main}
  thrown in C:\Users\enriq\Documents\Tecnologico Uruapan\Proyectos-Programas\cultivatec\CultivaTec\code\classes\Conexion.php on line 50
[30-Apr-2023 00:26:54 UTC] PHP Fatal error:  Uncaught Error: Call to a member function prepare() on null in C:\Users\enriq\Documents\Tecnologico Uruapan\Proyectos-Programas\cultivatec\CultivaTec\code\classes\Conexion.php:50
Stack trace:
#0 C:\Users\enriq\Documents\Tecnologico Uruapan\Proyectos-Programas\cultivatec\CultivaTec\code\classes\Usuario.php(27): Tec\CultivaTec\classes\Conexion->ejecutarConsulta()
#1 C:\Users\enriq\Documents\Tecnologico Uruapan\Proyectos-Programas\cultivatec\CultivaTec\code\config\router.php(28): Tec\CultivaTec\classes\Usuario->getUsuarioContra()
#2 [internal function]: {closure}()
#3 C:\Users\enriq\Documents\Tecnologico Uruapan\Proyectos-Programas\cultivatec\CultivaTec\vendor\bramus\router\src\Bramus\Router\Router.php(458): call_user_func_array()
#4 C:\Users\enriq\Documents\Tecnologico Uruapan\Proyectos-Programas\cultivatec\CultivaTec\vendor\bramus\router\src\Bramus\Router\Router.php(440): Bramus\Router\Router->invoke()
#5 C:\Users\enriq\Documents\Tecnologico Uruapan\Proyectos-Programas\cultivatec\CultivaTec\vendor\bramus\router\src\Bramus\Router\Router.php(287): Bramus\Router\Router->handle()
#6 C:\Users\enriq\Documents\Tecnologico Uruapan\Proyectos-Programas\cultivatec\CultivaTec\code\config\router.php(53): Bramus\Router\Router->run()
#7 C:\Users\enriq\Documents\Tecnologico Uruapan\Proyectos-Programas\cultivatec\CultivaTec\index.php(11): require('...')
#8 {main}
  thrown in C:\Users\enriq\Documents\Tecnologico Uruapan\Proyectos-Programas\cultivatec\CultivaTec\code\classes\Conexion.php on line 50
[30-Apr-2023 00:26:55 UTC] PHP Fatal error:  Uncaught Error: Call to a member function prepare() on null in C:\Users\enriq\Documents\Tecnologico Uruapan\Proyectos-Programas\cultivatec\CultivaTec\code\classes\Conexion.php:50
Stack trace:
#0 C:\Users\enriq\Documents\Tecnologico Uruapan\Proyectos-Programas\cultivatec\CultivaTec\code\classes\Usuario.php(27): Tec\CultivaTec\classes\Conexion->ejecutarConsulta()
#1 C:\Users\enriq\Documents\Tecnologico Uruapan\Proyectos-Programas\cultivatec\CultivaTec\code\config\router.php(28): Tec\CultivaTec\classes\Usuario->getUsuarioContra()
#2 [internal function]: {closure}()
#3 C:\Users\enriq\Documents\Tecnologico Uruapan\Proyectos-Programas\cultivatec\CultivaTec\vendor\bramus\router\src\Bramus\Router\Router.php(458): call_user_func_array()
#4 C:\Users\enriq\Documents\Tecnologico Uruapan\Proyectos-Programas\cultivatec\CultivaTec\vendor\bramus\router\src\Bramus\Router\Router.php(440): Bramus\Router\Router->invoke()
#5 C:\Users\enriq\Documents\Tecnologico Uruapan\Proyectos-Programas\cultivatec\CultivaTec\vendor\bramus\router\src\Bramus\Router\Router.php(287): Bramus\Router\Router->handle()
#6 C:\Users\enriq\Documents\Tecnologico Uruapan\Proyectos-Programas\cultivatec\CultivaTec\code\config\router.php(53): Bramus\Router\Router->run()
#7 C:\Users\enriq\Documents\Tecnologico Uruapan\Proyectos-Programas\cultivatec\CultivaTec\index.php(11): require('...')
#8 {main}
  thrown in C:\Users\enriq\Documents\Tecnologico Uruapan\Proyectos-Programas\cultivatec\CultivaTec\code\classes\Conexion.php on line 50
[30-Apr-2023 00:26:55 UTC] PHP Fatal error:  Uncaught Error: Call to a member function prepare() on null in C:\Users\enriq\Documents\Tecnologico Uruapan\Proyectos-Programas\cultivatec\CultivaTec\code\classes\Conexion.php:50
Stack trace:
#0 C:\Users\enriq\Documents\Tecnologico Uruapan\Proyectos-Programas\cultivatec\CultivaTec\code\classes\Usuario.php(27): Tec\CultivaTec\classes\Conexion->ejecutarConsulta()
#1 C:\Users\enriq\Documents\Tecnologico Uruapan\Proyectos-Programas\cultivatec\CultivaTec\code\config\router.php(28): Tec\CultivaTec\classes\Usuario->getUsuarioContra()
#2 [internal function]: {closure}()
#3 C:\Users\enriq\Documents\Tecnologico Uruapan\Proyectos-Programas\cultivatec\CultivaTec\vendor\bramus\router\src\Bramus\Router\Router.php(458): call_user_func_array()
#4 C:\Users\enriq\Documents\Tecnologico Uruapan\Proyectos-Programas\cultivatec\CultivaTec\vendor\bramus\router\src\Bramus\Router\Router.php(440): Bramus\Router\Router->invoke()
#5 C:\Users\enriq\Documents\Tecnologico Uruapan\Proyectos-Programas\cultivatec\CultivaTec\vendor\bramus\router\src\Bramus\Router\Router.php(287): Bramus\Router\Router->handle()
#6 C:\Users\enriq\Documents\Tecnologico Uruapan\Proyectos-Programas\cultivatec\CultivaTec\code\config\router.php(53): Bramus\Router\Router->run()
#7 C:\Users\enriq\Documents\Tecnologico Uruapan\Proyectos-Programas\cultivatec\CultivaTec\index.php(11): require('...')
#8 {main}
  thrown in C:\Users\enriq\Documents\Tecnologico Uruapan\Proyectos-Programas\cultivatec\CultivaTec\code\classes\Conexion.php on line 50
